Flow report for lights
Wed Mar 12 01:59:21 2014
Quartus II 32-bit Version 12.0 Build 263 08/02/2012 Service Pack 2 SJ Web Edition


---------------------
; Table of Contents ;
---------------------
  1. Legal Notice
  2. Flow Summary
  3. Flow Settings
  4. Flow Non-Default Global Settings
  5. Flow Elapsed Time
  6. Flow OS Summary
  7. Flow Log



----------------
; Legal Notice ;
----------------
Copyright (C) 1991-2012 Altera Corporation
Your use of Altera Corporation's design tools, logic functions 
and other software and tools, and its AMPP partner logic 
functions, and any output files from any of the foregoing 
(including device programming or simulation files), and any 
associated documentation or information are expressly subject 
to the terms and conditions of the Altera Program License 
Subscription Agreement, Altera MegaCore Function License 
Agreement, or other applicable license agreement, including, 
without limitation, that your use is for the sole purpose of 
programming logic devices manufactured by Altera and sold by 
Altera or its authorized distributors.  Please refer to the 
applicable agreement for further details.



+------------------------------------------------------------------------------------+
; Flow Summary                                                                       ;
+------------------------------------+-----------------------------------------------+
; Flow Status                        ; Successful - Wed Mar 12 01:59:20 2014         ;
; Quartus II 32-bit Version          ; 12.0 Build 263 08/02/2012 SP 2 SJ Web Edition ;
; Revision Name                      ; lights                                        ;
; Top-level Entity Name              ; lights                                        ;
; Family                             ; Cyclone II                                    ;
; Device                             ; EP2C35F672C6                                  ;
; Timing Models                      ; Final                                         ;
; Total logic elements               ; 9,383 / 33,216 ( 28 % )                       ;
;     Total combinational functions  ; 8,557 / 33,216 ( 26 % )                       ;
;     Dedicated logic registers      ; 5,899 / 33,216 ( 18 % )                       ;
; Total registers                    ; 5967                                          ;
; Total pins                         ; 165 / 475 ( 35 % )                            ;
; Total virtual pins                 ; 0                                             ;
; Total memory bits                  ; 202,240 / 483,840 ( 42 % )                    ;
; Embedded Multiplier 9-bit elements ; 4 / 70 ( 6 % )                                ;
; Total PLLs                         ; 2 / 4 ( 50 % )                                ;
+------------------------------------+-----------------------------------------------+


+-----------------------------------------+
; Flow Settings                           ;
+-------------------+---------------------+
; Option            ; Setting             ;
+-------------------+---------------------+
; Start date & time ; 03/12/2014 01:56:14 ;
; Main task         ; Compilation         ;
; Revision Name     ; lights              ;
+-------------------+---------------------+


+--------------------------------------------------------------------------------------------------------------------------------------------------------------------------+
; Flow Non-Default Global Settings                                                                                                                                         ;
+-------------------------------------+---------------------------------------------------------------------+---------------+---------------------------------+------------+
; Assignment Name                     ; Value                                                               ; Default Value ; Entity Name                     ; Section Id ;
+-------------------------------------+---------------------------------------------------------------------+---------------+---------------------------------+------------+
; COMPILER_SIGNATURE_ID               ; 39627061366900.139461456910032                                      ; --            ; --                              ; --         ;
; IP_TOOL_ENV                         ; qsys                                                                ; --            ; altera_avalon_sc_fifo           ; --         ;
; IP_TOOL_ENV                         ; qsys                                                                ; --            ; altera_merlin_burst_adapter     ; --         ;
; IP_TOOL_ENV                         ; qsys                                                                ; --            ; altera_merlin_master_agent      ; --         ;
; IP_TOOL_ENV                         ; qsys                                                                ; --            ; altera_merlin_master_translator ; --         ;
; IP_TOOL_ENV                         ; qsys                                                                ; --            ; altera_merlin_slave_agent       ; --         ;
; IP_TOOL_ENV                         ; qsys                                                                ; --            ; altera_merlin_slave_translator  ; --         ;
; IP_TOOL_ENV                         ; qsys                                                                ; --            ; altera_merlin_traffic_limiter   ; --         ;
; IP_TOOL_ENV                         ; qsys                                                                ; --            ; altera_merlin_width_adapter     ; --         ;
; IP_TOOL_ENV                         ; qsys                                                                ; --            ; altera_reset_controller         ; --         ;
; IP_TOOL_ENV                         ; qsys                                                                ; --            ; nios_system                     ; --         ;
; IP_TOOL_ENV                         ; qsys                                                                ; --            ; nios_system_LEDs                ; --         ;
; IP_TOOL_ENV                         ; qsys                                                                ; --            ; nios_system_Switches            ; --         ;
; IP_TOOL_ENV                         ; qsys                                                                ; --            ; nios_system_addr_router         ; --         ;
; IP_TOOL_ENV                         ; qsys                                                                ; --            ; nios_system_addr_router_001     ; --         ;
; IP_TOOL_ENV                         ; qsys                                                                ; --            ; nios_system_addr_router_002     ; --         ;
; IP_TOOL_ENV                         ; qsys                                                                ; --            ; nios_system_cmd_xbar_demux      ; --         ;
; IP_TOOL_ENV                         ; qsys                                                                ; --            ; nios_system_cmd_xbar_demux_001  ; --         ;
; IP_TOOL_ENV                         ; qsys                                                                ; --            ; nios_system_cmd_xbar_demux_002  ; --         ;
; IP_TOOL_ENV                         ; qsys                                                                ; --            ; nios_system_cmd_xbar_mux        ; --         ;
; IP_TOOL_ENV                         ; qsys                                                                ; --            ; nios_system_cmd_xbar_mux_002    ; --         ;
; IP_TOOL_ENV                         ; qsys                                                                ; --            ; nios_system_id_router           ; --         ;
; IP_TOOL_ENV                         ; qsys                                                                ; --            ; nios_system_id_router_002       ; --         ;
; IP_TOOL_ENV                         ; qsys                                                                ; --            ; nios_system_id_router_003       ; --         ;
; IP_TOOL_ENV                         ; qsys                                                                ; --            ; nios_system_id_router_006       ; --         ;
; IP_TOOL_ENV                         ; qsys                                                                ; --            ; nios_system_id_router_008       ; --         ;
; IP_TOOL_ENV                         ; qsys                                                                ; --            ; nios_system_irq_mapper          ; --         ;
; IP_TOOL_ENV                         ; qsys                                                                ; --            ; nios_system_jtag_uart           ; --         ;
; IP_TOOL_ENV                         ; qsys                                                                ; --            ; nios_system_nios2_processor     ; --         ;
; IP_TOOL_ENV                         ; qsys                                                                ; --            ; nios_system_onchip_memory       ; --         ;
; IP_TOOL_ENV                         ; qsys                                                                ; --            ; nios_system_rsp_xbar_demux      ; --         ;
; IP_TOOL_ENV                         ; qsys                                                                ; --            ; nios_system_rsp_xbar_demux_002  ; --         ;
; IP_TOOL_ENV                         ; qsys                                                                ; --            ; nios_system_rsp_xbar_demux_003  ; --         ;
; IP_TOOL_ENV                         ; qsys                                                                ; --            ; nios_system_rsp_xbar_demux_006  ; --         ;
; IP_TOOL_ENV                         ; qsys                                                                ; --            ; nios_system_rsp_xbar_mux        ; --         ;
; IP_TOOL_ENV                         ; qsys                                                                ; --            ; nios_system_rsp_xbar_mux_001    ; --         ;
; IP_TOOL_ENV                         ; qsys                                                                ; --            ; nios_system_sdram               ; --         ;
; IP_TOOL_ENV                         ; qsys                                                                ; --            ; nios_system_timer_1             ; --         ;
; IP_TOOL_NAME                        ; RAM: 2-PORT                                                         ; --            ; --                              ; --         ;
; IP_TOOL_NAME                        ; altera_avalon_sc_fifo                                               ; --            ; altera_avalon_sc_fifo           ; --         ;
; IP_TOOL_NAME                        ; altera_merlin_burst_adapter                                         ; --            ; altera_merlin_burst_adapter     ; --         ;
; IP_TOOL_NAME                        ; altera_merlin_master_agent                                          ; --            ; altera_merlin_master_agent      ; --         ;
; IP_TOOL_NAME                        ; altera_merlin_master_translator                                     ; --            ; altera_merlin_master_translator ; --         ;
; IP_TOOL_NAME                        ; altera_merlin_slave_agent                                           ; --            ; altera_merlin_slave_agent       ; --         ;
; IP_TOOL_NAME                        ; altera_merlin_slave_translator                                      ; --            ; altera_merlin_slave_translator  ; --         ;
; IP_TOOL_NAME                        ; altera_merlin_traffic_limiter                                       ; --            ; altera_merlin_traffic_limiter   ; --         ;
; IP_TOOL_NAME                        ; altera_merlin_width_adapter                                         ; --            ; altera_merlin_width_adapter     ; --         ;
; IP_TOOL_NAME                        ; altera_reset_controller                                             ; --            ; altera_reset_controller         ; --         ;
; IP_TOOL_NAME                        ; qsys                                                                ; --            ; nios_system                     ; --         ;
; IP_TOOL_NAME                        ; altera_avalon_pio                                                   ; --            ; nios_system_LEDs                ; --         ;
; IP_TOOL_NAME                        ; altera_avalon_pio                                                   ; --            ; nios_system_Switches            ; --         ;
; IP_TOOL_NAME                        ; altera_merlin_router                                                ; --            ; nios_system_addr_router         ; --         ;
; IP_TOOL_NAME                        ; altera_merlin_router                                                ; --            ; nios_system_addr_router_001     ; --         ;
; IP_TOOL_NAME                        ; altera_merlin_router                                                ; --            ; nios_system_addr_router_002     ; --         ;
; IP_TOOL_NAME                        ; altera_merlin_demultiplexer                                         ; --            ; nios_system_cmd_xbar_demux      ; --         ;
; IP_TOOL_NAME                        ; altera_merlin_demultiplexer                                         ; --            ; nios_system_cmd_xbar_demux_001  ; --         ;
; IP_TOOL_NAME                        ; altera_merlin_demultiplexer                                         ; --            ; nios_system_cmd_xbar_demux_002  ; --         ;
; IP_TOOL_NAME                        ; altera_merlin_multiplexer                                           ; --            ; nios_system_cmd_xbar_mux        ; --         ;
; IP_TOOL_NAME                        ; altera_merlin_multiplexer                                           ; --            ; nios_system_cmd_xbar_mux_002    ; --         ;
; IP_TOOL_NAME                        ; altera_merlin_router                                                ; --            ; nios_system_id_router           ; --         ;
; IP_TOOL_NAME                        ; altera_merlin_router                                                ; --            ; nios_system_id_router_002       ; --         ;
; IP_TOOL_NAME                        ; altera_merlin_router                                                ; --            ; nios_system_id_router_003       ; --         ;
; IP_TOOL_NAME                        ; altera_merlin_router                                                ; --            ; nios_system_id_router_006       ; --         ;
; IP_TOOL_NAME                        ; altera_merlin_router                                                ; --            ; nios_system_id_router_008       ; --         ;
; IP_TOOL_NAME                        ; altera_irq_mapper                                                   ; --            ; nios_system_irq_mapper          ; --         ;
; IP_TOOL_NAME                        ; altera_avalon_jtag_uart                                             ; --            ; nios_system_jtag_uart           ; --         ;
; IP_TOOL_NAME                        ; altera_nios2_qsys                                                   ; --            ; nios_system_nios2_processor     ; --         ;
; IP_TOOL_NAME                        ; altera_avalon_onchip_memory2                                        ; --            ; nios_system_onchip_memory       ; --         ;
; IP_TOOL_NAME                        ; altera_merlin_demultiplexer                                         ; --            ; nios_system_rsp_xbar_demux      ; --         ;
; IP_TOOL_NAME                        ; altera_merlin_demultiplexer                                         ; --            ; nios_system_rsp_xbar_demux_002  ; --         ;
; IP_TOOL_NAME                        ; altera_merlin_demultiplexer                                         ; --            ; nios_system_rsp_xbar_demux_003  ; --         ;
; IP_TOOL_NAME                        ; altera_merlin_demultiplexer                                         ; --            ; nios_system_rsp_xbar_demux_006  ; --         ;
; IP_TOOL_NAME                        ; altera_merlin_multiplexer                                           ; --            ; nios_system_rsp_xbar_mux        ; --         ;
; IP_TOOL_NAME                        ; altera_merlin_multiplexer                                           ; --            ; nios_system_rsp_xbar_mux_001    ; --         ;
; IP_TOOL_NAME                        ; altera_avalon_new_sdram_controller                                  ; --            ; nios_system_sdram               ; --         ;
; IP_TOOL_NAME                        ; altera_avalon_timer                                                 ; --            ; nios_system_timer_1             ; --         ;
; IP_TOOL_VERSION                     ; 8.0                                                                 ; --            ; --                              ; --         ;
; IP_TOOL_VERSION                     ; 12.0                                                                ; --            ; altera_avalon_sc_fifo           ; --         ;
; IP_TOOL_VERSION                     ; 12.0                                                                ; --            ; altera_merlin_burst_adapter     ; --         ;
; IP_TOOL_VERSION                     ; 12.0                                                                ; --            ; altera_merlin_master_agent      ; --         ;
; IP_TOOL_VERSION                     ; 12.0                                                                ; --            ; altera_merlin_master_translator ; --         ;
; IP_TOOL_VERSION                     ; 12.0                                                                ; --            ; altera_merlin_slave_agent       ; --         ;
; IP_TOOL_VERSION                     ; 12.0                                                                ; --            ; altera_merlin_slave_translator  ; --         ;
; IP_TOOL_VERSION                     ; 12.0                                                                ; --            ; altera_merlin_traffic_limiter   ; --         ;
; IP_TOOL_VERSION                     ; 12.0                                                                ; --            ; altera_merlin_width_adapter     ; --         ;
; IP_TOOL_VERSION                     ; 12.0                                                                ; --            ; altera_reset_controller         ; --         ;
; IP_TOOL_VERSION                     ; 12.0sp2                                                             ; --            ; nios_system                     ; --         ;
; IP_TOOL_VERSION                     ; 12.0                                                                ; --            ; nios_system_LEDs                ; --         ;
; IP_TOOL_VERSION                     ; 12.0                                                                ; --            ; nios_system_Switches            ; --         ;
; IP_TOOL_VERSION                     ; 12.0                                                                ; --            ; nios_system_addr_router         ; --         ;
; IP_TOOL_VERSION                     ; 12.0                                                                ; --            ; nios_system_addr_router_001     ; --         ;
; IP_TOOL_VERSION                     ; 12.0                                                                ; --            ; nios_system_addr_router_002     ; --         ;
; IP_TOOL_VERSION                     ; 12.0                                                                ; --            ; nios_system_cmd_xbar_demux      ; --         ;
; IP_TOOL_VERSION                     ; 12.0                                                                ; --            ; nios_system_cmd_xbar_demux_001  ; --         ;
; IP_TOOL_VERSION                     ; 12.0                                                                ; --            ; nios_system_cmd_xbar_demux_002  ; --         ;
; IP_TOOL_VERSION                     ; 12.0                                                                ; --            ; nios_system_cmd_xbar_mux        ; --         ;
; IP_TOOL_VERSION                     ; 12.0                                                                ; --            ; nios_system_cmd_xbar_mux_002    ; --         ;
; IP_TOOL_VERSION                     ; 12.0                                                                ; --            ; nios_system_id_router           ; --         ;
; IP_TOOL_VERSION                     ; 12.0                                                                ; --            ; nios_system_id_router_002       ; --         ;
; IP_TOOL_VERSION                     ; 12.0                                                                ; --            ; nios_system_id_router_003       ; --         ;
; IP_TOOL_VERSION                     ; 12.0                                                                ; --            ; nios_system_id_router_006       ; --         ;
; IP_TOOL_VERSION                     ; 12.0                                                                ; --            ; nios_system_id_router_008       ; --         ;
; IP_TOOL_VERSION                     ; 12.0                                                                ; --            ; nios_system_irq_mapper          ; --         ;
; IP_TOOL_VERSION                     ; 12.0                                                                ; --            ; nios_system_jtag_uart           ; --         ;
; IP_TOOL_VERSION                     ; 12.0                                                                ; --            ; nios_system_nios2_processor     ; --         ;
; IP_TOOL_VERSION                     ; 12.0                                                                ; --            ; nios_system_onchip_memory       ; --         ;
; IP_TOOL_VERSION                     ; 12.0                                                                ; --            ; nios_system_rsp_xbar_demux      ; --         ;
; IP_TOOL_VERSION                     ; 12.0                                                                ; --            ; nios_system_rsp_xbar_demux_002  ; --         ;
; IP_TOOL_VERSION                     ; 12.0                                                                ; --            ; nios_system_rsp_xbar_demux_003  ; --         ;
; IP_TOOL_VERSION                     ; 12.0                                                                ; --            ; nios_system_rsp_xbar_demux_006  ; --         ;
; IP_TOOL_VERSION                     ; 12.0                                                                ; --            ; nios_system_rsp_xbar_mux        ; --         ;
; IP_TOOL_VERSION                     ; 12.0                                                                ; --            ; nios_system_rsp_xbar_mux_001    ; --         ;
; IP_TOOL_VERSION                     ; 12.0                                                                ; --            ; nios_system_sdram               ; --         ;
; IP_TOOL_VERSION                     ; 12.0                                                                ; --            ; nios_system_timer_1             ; --         ;
; MAX_CORE_JUNCTION_TEMP              ; 85                                                                  ; --            ; --                              ; --         ;
; MIN_CORE_JUNCTION_TEMP              ; 0                                                                   ; --            ; --                              ; --         ;
; MISC_FILE                           ; nios_system/synthesis/../../nios_system.sopcinfo                    ; --            ; --                              ; --         ;
; MISC_FILE                           ; nios_system/synthesis/../../nios_system.qsys                        ; --            ; --                              ; --         ;
; MISC_FILE                           ; nios_system/synthesis/submodules/Altera_UP_SD_Card_Memory_Block.bsf ; --            ; --                              ; --         ;
; MISC_FILE                           ; nios_system/synthesis/submodules/Altera_UP_SD_Card_Memory_Block.cmp ; --            ; --                              ; --         ;
; PARTITION_COLOR                     ; 16764057                                                            ; --            ; --                              ; Top        ;
; PARTITION_FITTER_PRESERVATION_LEVEL ; PLACEMENT_AND_ROUTING                                               ; --            ; --                              ; Top        ;
; PARTITION_NETLIST_TYPE              ; SOURCE                                                              ; --            ; --                              ; Top        ;
; POWER_BOARD_THERMAL_MODEL           ; None (CONSERVATIVE)                                                 ; --            ; --                              ; --         ;
; POWER_PRESET_COOLING_SOLUTION       ; 23 MM HEAT SINK WITH 200 LFPM AIRFLOW                               ; --            ; --                              ; --         ;
; SLD_INFO                            ; QSYS_NAME nios_system HAS_SOPCINFO 1 GENERATION_ID 1394614341       ; --            ; nios_system                     ; --         ;
; SYNTHESIS_ONLY_QIP                  ; On                                                                  ; --            ; --                              ; --         ;
+-------------------------------------+---------------------------------------------------------------------+---------------+---------------------------------+------------+


+-------------------------------------------------------------------------------------------------------------------------------+
; Flow Elapsed Time                                                                                                             ;
+---------------------------+--------------+-------------------------+---------------------+------------------------------------+
; Module Name               ; Elapsed Time ; Average Processors Used ; Peak Virtual Memory ; Total CPU Time (on all processors) ;
+---------------------------+--------------+-------------------------+---------------------+------------------------------------+
; Analysis & Synthesis      ; 00:02:02     ; 1.0                     ; 509 MB              ; 00:01:59                           ;
; Fitter                    ; 00:00:54     ; 1.0                     ; 541 MB              ; 00:00:52                           ;
; Assembler                 ; 00:00:04     ; 1.0                     ; 351 MB              ; 00:00:03                           ;
; TimeQuest Timing Analyzer ; 00:00:06     ; 1.0                     ; 380 MB              ; 00:00:04                           ;
; Total                     ; 00:03:06     ; --                      ; --                  ; 00:02:58                           ;
+---------------------------+--------------+-------------------------+---------------------+------------------------------------+


+----------------------------------------------------------------------------------------+
; Flow OS Summary                                                                        ;
+---------------------------+------------------+-----------+------------+----------------+
; Module Name               ; Machine Hostname ; OS Name   ; OS Version ; Processor type ;
+---------------------------+------------------+-----------+------------+----------------+
; Analysis & Synthesis      ; MSI              ; Windows 7 ; 6.2        ; x86_64         ;
; Fitter                    ; MSI              ; Windows 7 ; 6.2        ; x86_64         ;
; Assembler                 ; MSI              ; Windows 7 ; 6.2        ; x86_64         ;
; TimeQuest Timing Analyzer ; MSI              ; Windows 7 ; 6.2        ; x86_64         ;
+---------------------------+------------------+-----------+------------+----------------+


------------
; Flow Log ;
------------
quartus_map --read_settings_files=on --write_settings_files=off lights -c lights
quartus_fit --read_settings_files=off --write_settings_files=off lights -c lights
quartus_asm --read_settings_files=off --write_settings_files=off lights -c lights
quartus_sta lights -c lights



